<?xml version="1.0" encoding="UTF-8"?>
<robot generator="Robot 6.1.1 (Python 3.12.0 on win32)" generated="20240204 17:06:25.228" rpa="false" schemaversion="4">
<suite id="s1" name="DevOps Oct2023 TeamB Testing" source="C:\Users\Luke Pavri\DevOps\Assignment\DevOps_Oct2023_TeamB_Testing">
<suite id="s1-s1" name="TestCases" source="C:\Users\Luke Pavri\DevOps\Assignment\DevOps_Oct2023_TeamB_Testing\TestCases">
<suite id="s1-s1-s1" name="acceptanceTest" source="C:\Users\Luke Pavri\DevOps\Assignment\DevOps_Oct2023_TeamB_Testing\TestCases\acceptanceTest.robot">
<test id="s1-s1-s1-t1" name="Check if the URL is valid" line="13">
<kw name="Open Browser" library="SeleniumLibrary">
<arg>${URL}</arg>
<arg>${Broswer}</arg>
<doc>Opens a new browser instance to the optional ``url``.</doc>
<msg timestamp="20240204 17:06:25.768" level="INFO">Opening browser 'Chrome' to base url 'https://devopsteamb2023.github.io/DevOps_Oct2023_TeamB_Assignment/'.</msg>
<status status="PASS" starttime="20240204 17:06:25.768" endtime="20240204 17:06:27.951"/>
</kw>
<kw name="Title Should Be" library="SeleniumLibrary">
<arg>Sign up and Login Page</arg>
<doc>Verifies that the current page title equals ``title``.</doc>
<msg timestamp="20240204 17:06:28.312" level="INFO">Page title is 'Sign up and Login Page'.</msg>
<status status="PASS" starttime="20240204 17:06:27.951" endtime="20240204 17:06:28.312"/>
</kw>
<kw name="Close Browser" library="SeleniumLibrary" type="TEARDOWN">
<doc>Closes the current browser.</doc>
<status status="PASS" starttime="20240204 17:06:28.312" endtime="20240204 17:06:30.469"/>
</kw>
<status status="PASS" starttime="20240204 17:06:25.768" endtime="20240204 17:06:30.469"/>
</test>
<test id="s1-s1-s1-t2" name="Administrator Login with valid Credentials" line="18">
<kw name="Login">
<arg>${ValidAdminUserName}</arg>
<arg>${ValidAdminPwd}</arg>
<kw name="Open Browser" library="SeleniumLibrary">
<arg>${URL}</arg>
<arg>${Broswer}</arg>
<doc>Opens a new browser instance to the optional ``url``.</doc>
<msg timestamp="20240204 17:06:30.477" level="INFO">Opening browser 'Chrome' to base url 'https://devopsteamb2023.github.io/DevOps_Oct2023_TeamB_Assignment/'.</msg>
<status status="PASS" starttime="20240204 17:06:30.469" endtime="20240204 17:06:32.490"/>
</kw>
<kw name="Wait Until Element Is Visible" library="SeleniumLibrary">
<arg>id=loginForm</arg>
<arg>timeout=2</arg>
<doc>Waits until the element ``locator`` is visible.</doc>
<status status="PASS" starttime="20240204 17:06:32.498" endtime="20240204 17:06:32.800"/>
</kw>
<kw name="Input Text" library="SeleniumLibrary">
<arg>${username_textbox}</arg>
<arg>${username}</arg>
<doc>Types the given ``text`` into the text field identified by ``locator``.</doc>
<msg timestamp="20240204 17:06:32.800" level="INFO">Typing text 'Shaniah' into text field 'id=login_username'.</msg>
<status status="PASS" starttime="20240204 17:06:32.800" endtime="20240204 17:06:33.009"/>
</kw>
<kw name="Input Password" library="SeleniumLibrary">
<arg>${pwd_textbox}</arg>
<arg>${password}</arg>
<doc>Types the given password into the text field identified by ``locator``.</doc>
<msg timestamp="20240204 17:06:33.018" level="INFO">Typing password into text field 'id=login_password'.</msg>
<msg timestamp="20240204 17:06:33.067" level="INFO">Temporally setting log level to: NONE</msg>
<msg timestamp="20240204 17:06:33.165" level="INFO">Log level changed from NONE to INFO.</msg>
<status status="PASS" starttime="20240204 17:06:33.017" endtime="20240204 17:06:33.165"/>
</kw>
<kw name="Click Button" library="SeleniumLibrary">
<arg>${login_button}</arg>
<doc>Clicks the button identified by ``locator``.</doc>
<msg timestamp="20240204 17:06:33.165" level="INFO">Clicking button 'id=login_button'.</msg>
<status status="PASS" starttime="20240204 17:06:33.165" endtime="20240204 17:06:33.268"/>
</kw>
<status status="PASS" starttime="20240204 17:06:30.469" endtime="20240204 17:06:33.268"/>
</kw>
<kw name="Wait Until Page Contains" library="SeleniumLibrary">
<arg>User Details Page</arg>
<arg>timeout=2</arg>
<doc>Waits until ``text`` appears on the current page.</doc>
<status status="PASS" starttime="20240204 17:06:33.269" endtime="20240204 17:06:33.358"/>
</kw>
<kw name="Close Browser" library="SeleniumLibrary" type="TEARDOWN">
<doc>Closes the current browser.</doc>
<status status="PASS" starttime="20240204 17:06:33.358" endtime="20240204 17:06:35.482"/>
</kw>
<status status="PASS" starttime="20240204 17:06:30.469" endtime="20240204 17:06:35.482"/>
</test>
<test id="s1-s1-s1-t3" name="Sign up" line="25">
<kw name="Open Browser" library="SeleniumLibrary">
<arg>${URL}</arg>
<arg>${Broswer}</arg>
<doc>Opens a new browser instance to the optional ``url``.</doc>
<msg timestamp="20240204 17:06:35.482" level="INFO">Opening browser 'Chrome' to base url 'https://devopsteamb2023.github.io/DevOps_Oct2023_TeamB_Assignment/'.</msg>
<status status="PASS" starttime="20240204 17:06:35.482" endtime="20240204 17:06:37.650"/>
</kw>
<kw name="Wait Until Element Is Visible" library="SeleniumLibrary">
<arg>id=loginForm</arg>
<arg>timeout=2</arg>
<doc>Waits until the element ``locator`` is visible.</doc>
<status status="PASS" starttime="20240204 17:06:37.650" endtime="20240204 17:06:37.953"/>
</kw>
<kw name="Click Button" library="SeleniumLibrary">
<arg>id=nav-signup-tab</arg>
<doc>Clicks the button identified by ``locator``.</doc>
<msg timestamp="20240204 17:06:37.953" level="INFO">Clicking button 'id=nav-signup-tab'.</msg>
<status status="PASS" starttime="20240204 17:06:37.953" endtime="20240204 17:06:38.082"/>
</kw>
<kw name="Wait Until Element Is Visible" library="SeleniumLibrary">
<arg>id=signupForm</arg>
<arg>timeout=2</arg>
<doc>Waits until the element ``locator`` is visible.</doc>
<status status="PASS" starttime="20240204 17:06:38.082" endtime="20240204 17:06:38.360"/>
</kw>
<kw name="Input Text" library="SeleniumLibrary">
<arg>id=signup_username</arg>
<arg>${signup_username}</arg>
<doc>Types the given ``text`` into the text field identified by ``locator``.</doc>
<msg timestamp="20240204 17:06:38.360" level="INFO">Typing text 'luke' into text field 'id=signup_username'.</msg>
<status status="PASS" starttime="20240204 17:06:38.360" endtime="20240204 17:06:38.555"/>
</kw>
<kw name="Input Password" library="SeleniumLibrary">
<arg>id=signup_password</arg>
<arg>${signup_password}</arg>
<doc>Types the given password into the text field identified by ``locator``.</doc>
<msg timestamp="20240204 17:06:38.555" level="INFO">Typing password into text field 'id=signup_password'.</msg>
<msg timestamp="20240204 17:06:38.637" level="INFO">Temporally setting log level to: NONE</msg>
<msg timestamp="20240204 17:06:38.735" level="INFO">Log level changed from NONE to INFO.</msg>
<status status="PASS" starttime="20240204 17:06:38.555" endtime="20240204 17:06:38.735"/>
</kw>
<kw name="Click Button" library="SeleniumLibrary">
<arg>id=signup_button</arg>
<doc>Clicks the button identified by ``locator``.</doc>
<msg timestamp="20240204 17:06:38.743" level="INFO">Clicking button 'id=signup_button'.</msg>
<status status="PASS" starttime="20240204 17:06:38.743" endtime="20240204 17:06:38.841"/>
</kw>
<kw name="Handle Alert" library="SeleniumLibrary">
<var>${message}</var>
<doc>Handles the current alert and returns its message.</doc>
<msg timestamp="20240204 17:06:38.841" level="INFO">HANDLE::&lt;class 'NoneType'&gt;::None</msg>
<msg timestamp="20240204 17:06:38.849" level="INFO">${message} = Account request sent. Please wait for admin approval.</msg>
<status status="PASS" starttime="20240204 17:06:38.841" endtime="20240204 17:06:38.849"/>
</kw>
<kw name="Should Contain" library="BuiltIn">
<arg>${message}</arg>
<arg>Account request sent</arg>
<doc>Fails if ``container`` does not contain ``item`` one or more times.</doc>
<status status="PASS" starttime="20240204 17:06:38.849" endtime="20240204 17:06:38.849"/>
</kw>
<kw name="Close Browser" library="SeleniumLibrary" type="TEARDOWN">
<doc>Closes the current browser.</doc>
<status status="PASS" starttime="20240204 17:06:38.849" endtime="20240204 17:06:41.018"/>
</kw>
<status status="PASS" starttime="20240204 17:06:35.482" endtime="20240204 17:06:41.018"/>
</test>
<test id="s1-s1-s1-t4" name="Normal user login with valid Credentials" line="39">
<kw name="Login">
<arg>${ValidNormalUser}</arg>
<arg>${ValidNormalPwd}</arg>
<kw name="Open Browser" library="SeleniumLibrary">
<arg>${URL}</arg>
<arg>${Broswer}</arg>
<doc>Opens a new browser instance to the optional ``url``.</doc>
<msg timestamp="20240204 17:06:41.027" level="INFO">Opening browser 'Chrome' to base url 'https://devopsteamb2023.github.io/DevOps_Oct2023_TeamB_Assignment/'.</msg>
<status status="PASS" starttime="20240204 17:06:41.018" endtime="20240204 17:06:43.060"/>
</kw>
<kw name="Wait Until Element Is Visible" library="SeleniumLibrary">
<arg>id=loginForm</arg>
<arg>timeout=2</arg>
<doc>Waits until the element ``locator`` is visible.</doc>
<status status="PASS" starttime="20240204 17:06:43.060" endtime="20240204 17:06:43.361"/>
</kw>
<kw name="Input Text" library="SeleniumLibrary">
<arg>${username_textbox}</arg>
<arg>${username}</arg>
<doc>Types the given ``text`` into the text field identified by ``locator``.</doc>
<msg timestamp="20240204 17:06:43.361" level="INFO">Typing text 'luke' into text field 'id=login_username'.</msg>
<status status="PASS" starttime="20240204 17:06:43.361" endtime="20240204 17:06:43.555"/>
</kw>
<kw name="Input Password" library="SeleniumLibrary">
<arg>${pwd_textbox}</arg>
<arg>${password}</arg>
<doc>Types the given password into the text field identified by ``locator``.</doc>
<msg timestamp="20240204 17:06:43.555" level="INFO">Typing password into text field 'id=login_password'.</msg>
<msg timestamp="20240204 17:06:43.636" level="INFO">Temporally setting log level to: NONE</msg>
<msg timestamp="20240204 17:06:43.735" level="INFO">Log level changed from NONE to INFO.</msg>
<status status="PASS" starttime="20240204 17:06:43.555" endtime="20240204 17:06:43.735"/>
</kw>
<kw name="Click Button" library="SeleniumLibrary">
<arg>${login_button}</arg>
<doc>Clicks the button identified by ``locator``.</doc>
<msg timestamp="20240204 17:06:43.742" level="INFO">Clicking button 'id=login_button'.</msg>
<status status="PASS" starttime="20240204 17:06:43.735" endtime="20240204 17:06:43.869"/>
</kw>
<status status="PASS" starttime="20240204 17:06:41.018" endtime="20240204 17:06:43.869"/>
</kw>
<kw name="Title Should Be" library="SeleniumLibrary">
<arg>User Main Page</arg>
<doc>Verifies that the current page title equals ``title``.</doc>
<msg timestamp="20240204 17:06:44.100" level="INFO" html="true">&lt;/td&gt;&lt;/tr&gt;&lt;tr&gt;&lt;td colspan="3"&gt;&lt;a href="selenium-screenshot-31.png"&gt;&lt;img src="selenium-screenshot-31.png" width="800px"&gt;&lt;/a&gt;</msg>
<msg timestamp="20240204 17:06:44.100" level="FAIL">Title should have been 'User Main Page' but was 'User Details Page'.</msg>
<status status="FAIL" starttime="20240204 17:06:43.872" endtime="20240204 17:06:44.100"/>
</kw>
<kw name="Close Browser" library="SeleniumLibrary" type="TEARDOWN">
<doc>Closes the current browser.</doc>
<status status="PASS" starttime="20240204 17:06:44.100" endtime="20240204 17:06:46.215"/>
</kw>
<status status="FAIL" starttime="20240204 17:06:41.018" endtime="20240204 17:06:46.215">Title should have been 'User Main Page' but was 'User Details Page'.</status>
</test>
<test id="s1-s1-s1-t5" name="Delete User Account" line="45">
<kw name="Login">
<arg>${ValidAdminUserName}</arg>
<arg>${ValidAdminPwd}</arg>
<kw name="Open Browser" library="SeleniumLibrary">
<arg>${URL}</arg>
<arg>${Broswer}</arg>
<doc>Opens a new browser instance to the optional ``url``.</doc>
<msg timestamp="20240204 17:06:46.215" level="INFO">Opening browser 'Chrome' to base url 'https://devopsteamb2023.github.io/DevOps_Oct2023_TeamB_Assignment/'.</msg>
<status status="PASS" starttime="20240204 17:06:46.215" endtime="20240204 17:06:48.211"/>
</kw>
<kw name="Wait Until Element Is Visible" library="SeleniumLibrary">
<arg>id=loginForm</arg>
<arg>timeout=2</arg>
<doc>Waits until the element ``locator`` is visible.</doc>
<status status="PASS" starttime="20240204 17:06:48.219" endtime="20240204 17:06:48.511"/>
</kw>
<kw name="Input Text" library="SeleniumLibrary">
<arg>${username_textbox}</arg>
<arg>${username}</arg>
<doc>Types the given ``text`` into the text field identified by ``locator``.</doc>
<msg timestamp="20240204 17:06:48.511" level="INFO">Typing text 'Shaniah' into text field 'id=login_username'.</msg>
<status status="PASS" starttime="20240204 17:06:48.511" endtime="20240204 17:06:48.730"/>
</kw>
<kw name="Input Password" library="SeleniumLibrary">
<arg>${pwd_textbox}</arg>
<arg>${password}</arg>
<doc>Types the given password into the text field identified by ``locator``.</doc>
<msg timestamp="20240204 17:06:48.730" level="INFO">Typing password into text field 'id=login_password'.</msg>
<msg timestamp="20240204 17:06:48.779" level="INFO">Temporally setting log level to: NONE</msg>
<msg timestamp="20240204 17:06:48.876" level="INFO">Log level changed from NONE to INFO.</msg>
<status status="PASS" starttime="20240204 17:06:48.730" endtime="20240204 17:06:48.876"/>
</kw>
<kw name="Click Button" library="SeleniumLibrary">
<arg>${login_button}</arg>
<doc>Clicks the button identified by ``locator``.</doc>
<msg timestamp="20240204 17:06:48.876" level="INFO">Clicking button 'id=login_button'.</msg>
<status status="PASS" starttime="20240204 17:06:48.876" endtime="20240204 17:06:48.971"/>
</kw>
<status status="PASS" starttime="20240204 17:06:46.215" endtime="20240204 17:06:48.971"/>
</kw>
<kw name="Wait Until Element Is Visible" library="SeleniumLibrary">
<arg>class=table</arg>
<arg>timeout=5</arg>
<doc>Waits until the element ``locator`` is visible.</doc>
<status status="PASS" starttime="20240204 17:06:48.971" endtime="20240204 17:06:49.276"/>
</kw>
<kw name="Get WebElements" library="SeleniumLibrary">
<var>${delete_button}</var>
<arg>xpath://button[contains(text(), 'delete')]</arg>
<doc>Returns a list of WebElement objects matching the ``locator``.</doc>
<msg timestamp="20240204 17:06:49.300" level="INFO">${delete_button} = [&lt;selenium.webdriver.remote.webelement.WebElement (session="22f399d43a9a70f2f5b98a8f388e7388", element="0874C75C557597ED87D26FCC6809EEBD_element_18")&gt;, &lt;selenium.webdriver.remote.webelement.WebElement...</msg>
<status status="PASS" starttime="20240204 17:06:49.284" endtime="20240204 17:06:49.300"/>
</kw>
<kw name="Set Variable" library="BuiltIn">
<var>${delete_button}</var>
<arg>${delete_button[-1]}</arg>
<doc>Returns the given values which can then be assigned to a variables.</doc>
<msg timestamp="20240204 17:06:49.300" level="INFO">${delete_button} = &lt;selenium.webdriver.remote.webelement.WebElement (session="22f399d43a9a70f2f5b98a8f388e7388", element="0874C75C557597ED87D26FCC6809EEBD_element_43")&gt;</msg>
<status status="PASS" starttime="20240204 17:06:49.300" endtime="20240204 17:06:49.300"/>
</kw>
<kw name="Mouse Over" library="SeleniumLibrary">
<arg>${delete_button}</arg>
<doc>Simulates hovering the mouse over the element ``locator``.</doc>
<msg timestamp="20240204 17:06:49.300" level="INFO">Simulating Mouse Over on element '&lt;selenium.webdriver.remote.webelement.WebElement (session="22f399d43a9a70f2f5b98a8f388e7388", element="0874C75C557597ED87D26FCC6809EEBD_element_43")&gt;'.</msg>
<status status="PASS" starttime="20240204 17:06:49.300" endtime="20240204 17:06:49.577"/>
</kw>
<kw name="Get Table Cell" library="SeleniumLibrary">
<var>${prev_value}</var>
<arg>class=table</arg>
<arg>-1</arg>
<arg>1</arg>
<doc>Returns contents of a table cell.</doc>
<msg timestamp="20240204 17:06:49.690" level="INFO">${prev_value} = 2048</msg>
<status status="PASS" starttime="20240204 17:06:49.577" endtime="20240204 17:06:49.690"/>
</kw>
<kw name="Click Element" library="SeleniumLibrary">
<arg>${delete_button}</arg>
<doc>Click the element identified by ``locator``.</doc>
<msg timestamp="20240204 17:06:49.690" level="INFO">Clicking element '&lt;selenium.webdriver.remote.webelement.WebElement (session="22f399d43a9a70f2f5b98a8f388e7388", element="0874C75C557597ED87D26FCC6809EEBD_element_43")&gt;'.</msg>
<status status="PASS" starttime="20240204 17:06:49.690" endtime="20240204 17:06:49.731"/>
</kw>
<kw name="Handle Alert" library="SeleniumLibrary">
<var>${message}</var>
<doc>Handles the current alert and returns its message.</doc>
<msg timestamp="20240204 17:06:49.731" level="INFO">HANDLE::&lt;class 'NoneType'&gt;::None</msg>
<msg timestamp="20240204 17:06:49.744" level="INFO">${message} = Are you sure you want to delete this user?</msg>
<status status="PASS" starttime="20240204 17:06:49.731" endtime="20240204 17:06:49.744"/>
</kw>
<kw name="Should Contain" library="BuiltIn">
<arg>${message}</arg>
<arg>Are you sure you want to delete</arg>
<doc>Fails if ``container`` does not contain ``item`` one or more times.</doc>
<status status="PASS" starttime="20240204 17:06:49.745" endtime="20240204 17:06:49.745"/>
</kw>
<kw name="Get Table Cell" library="SeleniumLibrary">
<var>${cur_value}</var>
<arg>class=table</arg>
<arg>-1</arg>
<arg>1</arg>
<doc>Returns contents of a table cell.</doc>
<msg timestamp="20240204 17:06:49.837" level="INFO">${cur_value} = 2026</msg>
<status status="PASS" starttime="20240204 17:06:49.747" endtime="20240204 17:06:49.837"/>
</kw>
<kw name="Should Not Be Equal" library="BuiltIn">
<arg>${prev_value}</arg>
<arg>${cur_value}</arg>
<doc>Fails if the given objects are equal.</doc>
<status status="PASS" starttime="20240204 17:06:49.837" endtime="20240204 17:06:49.837"/>
</kw>
<kw name="Close Browser" library="SeleniumLibrary" type="TEARDOWN">
<doc>Closes the current browser.</doc>
<status status="PASS" starttime="20240204 17:06:49.837" endtime="20240204 17:06:52.006"/>
</kw>
<status status="PASS" starttime="20240204 17:06:46.215" endtime="20240204 17:06:52.006"/>
</test>
<test id="s1-s1-s1-t6" name="Modify User Account" line="63">
<kw name="Login">
<arg>${ValidAdminUserName}</arg>
<arg>${ValidAdminPwd}</arg>
<kw name="Open Browser" library="SeleniumLibrary">
<arg>${URL}</arg>
<arg>${Broswer}</arg>
<doc>Opens a new browser instance to the optional ``url``.</doc>
<msg timestamp="20240204 17:06:52.006" level="INFO">Opening browser 'Chrome' to base url 'https://devopsteamb2023.github.io/DevOps_Oct2023_TeamB_Assignment/'.</msg>
<status status="PASS" starttime="20240204 17:06:52.006" endtime="20240204 17:06:54.109"/>
</kw>
<kw name="Wait Until Element Is Visible" library="SeleniumLibrary">
<arg>id=loginForm</arg>
<arg>timeout=2</arg>
<doc>Waits until the element ``locator`` is visible.</doc>
<status status="PASS" starttime="20240204 17:06:54.109" endtime="20240204 17:06:54.434"/>
</kw>
<kw name="Input Text" library="SeleniumLibrary">
<arg>${username_textbox}</arg>
<arg>${username}</arg>
<doc>Types the given ``text`` into the text field identified by ``locator``.</doc>
<msg timestamp="20240204 17:06:54.434" level="INFO">Typing text 'Shaniah' into text field 'id=login_username'.</msg>
<status status="PASS" starttime="20240204 17:06:54.434" endtime="20240204 17:06:54.629"/>
</kw>
<kw name="Input Password" library="SeleniumLibrary">
<arg>${pwd_textbox}</arg>
<arg>${password}</arg>
<doc>Types the given password into the text field identified by ``locator``.</doc>
<msg timestamp="20240204 17:06:54.629" level="INFO">Typing password into text field 'id=login_password'.</msg>
<msg timestamp="20240204 17:06:54.703" level="INFO">Temporally setting log level to: NONE</msg>
<msg timestamp="20240204 17:06:54.817" level="INFO">Log level changed from NONE to INFO.</msg>
<status status="PASS" starttime="20240204 17:06:54.629" endtime="20240204 17:06:54.817"/>
</kw>
<kw name="Click Button" library="SeleniumLibrary">
<arg>${login_button}</arg>
<doc>Clicks the button identified by ``locator``.</doc>
<msg timestamp="20240204 17:06:54.817" level="INFO">Clicking button 'id=login_button'.</msg>
<status status="PASS" starttime="20240204 17:06:54.817" endtime="20240204 17:06:54.959"/>
</kw>
<status status="PASS" starttime="20240204 17:06:52.006" endtime="20240204 17:06:54.959"/>
</kw>
<kw name="Wait Until Element Is Visible" library="SeleniumLibrary">
<arg>class=table</arg>
<arg>timeout=5</arg>
<doc>Waits until the element ``locator`` is visible.</doc>
<status status="PASS" starttime="20240204 17:06:54.960" endtime="20240204 17:06:55.086"/>
</kw>
<kw name="Get WebElements" library="SeleniumLibrary">
<var>${modify_button}</var>
<arg>xpath://button[contains(text(), 'modify')]</arg>
<doc>Returns a list of WebElement objects matching the ``locator``.</doc>
<msg timestamp="20240204 17:06:55.102" level="INFO">${modify_button} = [&lt;selenium.webdriver.remote.webelement.WebElement (session="b81e6512a39ebbecd2f6039187575936", element="54FAD29E11AE72C3E5E8CAD24ABD89D5_element_18")&gt;, &lt;selenium.webdriver.remote.webelement.WebElement...</msg>
<status status="PASS" starttime="20240204 17:06:55.086" endtime="20240204 17:06:55.102"/>
</kw>
<kw name="Set Variable" library="BuiltIn">
<var>${modify_button}</var>
<arg>${modify_button[-1]}</arg>
<doc>Returns the given values which can then be assigned to a variables.</doc>
<msg timestamp="20240204 17:06:55.102" level="INFO">${modify_button} = &lt;selenium.webdriver.remote.webelement.WebElement (session="b81e6512a39ebbecd2f6039187575936", element="54FAD29E11AE72C3E5E8CAD24ABD89D5_element_42")&gt;</msg>
<status status="PASS" starttime="20240204 17:06:55.102" endtime="20240204 17:06:55.102"/>
</kw>
<kw name="Mouse Over" library="SeleniumLibrary">
<arg>${modify_button}</arg>
<doc>Simulates hovering the mouse over the element ``locator``.</doc>
<msg timestamp="20240204 17:06:55.102" level="INFO">Simulating Mouse Over on element '&lt;selenium.webdriver.remote.webelement.WebElement (session="b81e6512a39ebbecd2f6039187575936", element="54FAD29E11AE72C3E5E8CAD24ABD89D5_element_42")&gt;'.</msg>
<status status="PASS" starttime="20240204 17:06:55.102" endtime="20240204 17:06:55.383"/>
</kw>
<kw name="Get Table Cell" library="SeleniumLibrary">
<var>${prev_value}</var>
<arg>class=table</arg>
<arg>-1</arg>
<arg>1</arg>
<doc>Returns contents of a table cell.</doc>
<msg timestamp="20240204 17:06:55.489" level="INFO">${prev_value} = 2026</msg>
<status status="PASS" starttime="20240204 17:06:55.383" endtime="20240204 17:06:55.489"/>
</kw>
<kw name="Click Element" library="SeleniumLibrary">
<arg>${modify_button}</arg>
<doc>Click the element identified by ``locator``.</doc>
<msg timestamp="20240204 17:06:55.497" level="INFO">Clicking element '&lt;selenium.webdriver.remote.webelement.WebElement (session="b81e6512a39ebbecd2f6039187575936", element="54FAD29E11AE72C3E5E8CAD24ABD89D5_element_42")&gt;'.</msg>
<status status="PASS" starttime="20240204 17:06:55.489" endtime="20240204 17:06:55.551"/>
</kw>
<kw name="Page Should Contain" library="SeleniumLibrary">
<arg>Update</arg>
<doc>Verifies that current page contains ``text``.</doc>
<msg timestamp="20240204 17:06:55.653" level="INFO">Current page contains text 'Update'.</msg>
<status status="PASS" starttime="20240204 17:06:55.554" endtime="20240204 17:06:55.653"/>
</kw>
<kw name="Wait Until Element Is Visible" library="SeleniumLibrary">
<arg>id=modifyForm</arg>
<arg>timeout=2</arg>
<doc>Waits until the element ``locator`` is visible.</doc>
<status status="PASS" starttime="20240204 17:06:55.653" endtime="20240204 17:06:55.685"/>
</kw>
<kw name="Input Text" library="SeleniumLibrary">
<arg>id=modify_username</arg>
<arg>${modifiedUser}</arg>
<doc>Types the given ``text`` into the text field identified by ``locator``.</doc>
<msg timestamp="20240204 17:06:55.685" level="INFO">Typing text 'modifiedUser' into text field 'id=modify_username'.</msg>
<status status="PASS" starttime="20240204 17:06:55.685" endtime="20240204 17:06:55.872"/>
</kw>
<kw name="Click Button" library="SeleniumLibrary">
<arg>id=update_user_button</arg>
<doc>Clicks the button identified by ``locator``.</doc>
<msg timestamp="20240204 17:06:55.872" level="INFO">Clicking button 'id=update_user_button'.</msg>
<status status="PASS" starttime="20240204 17:06:55.872" endtime="20240204 17:06:56.000"/>
</kw>
<kw name="Wait Until Element Is Visible" library="SeleniumLibrary">
<arg>class=table</arg>
<arg>timeout=5</arg>
<doc>Waits until the element ``locator`` is visible.</doc>
<status status="PASS" starttime="20240204 17:06:56.001" endtime="20240204 17:06:56.098"/>
</kw>
<kw name="Get Table Cell" library="SeleniumLibrary">
<var>${cur_value}</var>
<arg>class=table</arg>
<arg>-1</arg>
<arg>1</arg>
<doc>Returns contents of a table cell.</doc>
<msg timestamp="20240204 17:06:56.219" level="INFO">${cur_value} = 2026</msg>
<status status="PASS" starttime="20240204 17:06:56.106" endtime="20240204 17:06:56.219"/>
</kw>
<kw name="Get Table Cell" library="SeleniumLibrary">
<var>${cur_name}</var>
<arg>class=table</arg>
<arg>-1</arg>
<arg>2</arg>
<doc>Returns contents of a table cell.</doc>
<msg timestamp="20240204 17:06:56.308" level="INFO">${cur_name} = modifiedUser</msg>
<status status="PASS" starttime="20240204 17:06:56.219" endtime="20240204 17:06:56.308"/>
</kw>
<kw name="Log" library="BuiltIn">
<arg>${cur_value}</arg>
<doc>Logs the given message with the given level.</doc>
<msg timestamp="20240204 17:06:56.308" level="INFO">2026</msg>
<status status="PASS" starttime="20240204 17:06:56.308" endtime="20240204 17:06:56.308"/>
</kw>
<kw name="Log" library="BuiltIn">
<arg>${cur_name}</arg>
<doc>Logs the given message with the given level.</doc>
<msg timestamp="20240204 17:06:56.308" level="INFO">modifiedUser</msg>
<status status="PASS" starttime="20240204 17:06:56.308" endtime="20240204 17:06:56.308"/>
</kw>
<kw name="Should Be Equal As Strings" library="BuiltIn">
<arg>${prev_value}</arg>
<arg>${cur_value}</arg>
<doc>Fails if objects are unequal after converting them to strings.</doc>
<status status="PASS" starttime="20240204 17:06:56.308" endtime="20240204 17:06:56.308"/>
</kw>
<kw name="Should Be Equal As Strings" library="BuiltIn">
<arg>${modifiedUser}</arg>
<arg>${cur_name}</arg>
<doc>Fails if objects are unequal after converting them to strings.</doc>
<status status="PASS" starttime="20240204 17:06:56.308" endtime="20240204 17:06:56.308"/>
</kw>
<kw name="Close Browser" library="SeleniumLibrary" type="TEARDOWN">
<doc>Closes the current browser.</doc>
<status status="PASS" starttime="20240204 17:06:56.308" endtime="20240204 17:06:58.438"/>
</kw>
<status status="PASS" starttime="20240204 17:06:52.006" endtime="20240204 17:06:58.439"/>
</test>
<test id="s1-s1-s1-t7" name="Approve User Accounts" line="91">
<kw name="Login">
<arg>${ValidAdminUserName}</arg>
<arg>${ValidAdminPwd}</arg>
<kw name="Open Browser" library="SeleniumLibrary">
<arg>${URL}</arg>
<arg>${Broswer}</arg>
<doc>Opens a new browser instance to the optional ``url``.</doc>
<msg timestamp="20240204 17:06:58.442" level="INFO">Opening browser 'Chrome' to base url 'https://devopsteamb2023.github.io/DevOps_Oct2023_TeamB_Assignment/'.</msg>
<status status="PASS" starttime="20240204 17:06:58.442" endtime="20240204 17:07:00.637"/>
</kw>
<kw name="Wait Until Element Is Visible" library="SeleniumLibrary">
<arg>id=loginForm</arg>
<arg>timeout=2</arg>
<doc>Waits until the element ``locator`` is visible.</doc>
<status status="PASS" starttime="20240204 17:07:00.637" endtime="20240204 17:07:00.931"/>
</kw>
<kw name="Input Text" library="SeleniumLibrary">
<arg>${username_textbox}</arg>
<arg>${username}</arg>
<doc>Types the given ``text`` into the text field identified by ``locator``.</doc>
<msg timestamp="20240204 17:07:00.931" level="INFO">Typing text 'Shaniah' into text field 'id=login_username'.</msg>
<status status="PASS" starttime="20240204 17:07:00.931" endtime="20240204 17:07:01.131"/>
</kw>
<kw name="Input Password" library="SeleniumLibrary">
<arg>${pwd_textbox}</arg>
<arg>${password}</arg>
<doc>Types the given password into the text field identified by ``locator``.</doc>
<msg timestamp="20240204 17:07:01.131" level="INFO">Typing password into text field 'id=login_password'.</msg>
<msg timestamp="20240204 17:07:01.204" level="INFO">Temporally setting log level to: NONE</msg>
<msg timestamp="20240204 17:07:01.327" level="INFO">Log level changed from NONE to INFO.</msg>
<status status="PASS" starttime="20240204 17:07:01.131" endtime="20240204 17:07:01.327"/>
</kw>
<kw name="Click Button" library="SeleniumLibrary">
<arg>${login_button}</arg>
<doc>Clicks the button identified by ``locator``.</doc>
<msg timestamp="20240204 17:07:01.327" level="INFO">Clicking button 'id=login_button'.</msg>
<status status="PASS" starttime="20240204 17:07:01.327" endtime="20240204 17:07:01.469"/>
</kw>
<status status="PASS" starttime="20240204 17:06:58.442" endtime="20240204 17:07:01.469"/>
</kw>
<kw name="Wait Until Element Is Visible" library="SeleniumLibrary">
<arg>class=table</arg>
<arg>timeout=5</arg>
<doc>Waits until the element ``locator`` is visible.</doc>
<status status="PASS" starttime="20240204 17:07:01.470" endtime="20240204 17:07:01.800"/>
</kw>
<kw name="Get WebElements" library="SeleniumLibrary">
<var>${approve_button}</var>
<arg>xpath=//button[contains(text(), 'approve')]</arg>
<doc>Returns a list of WebElement objects matching the ``locator``.</doc>
<msg timestamp="20240204 17:07:01.833" level="INFO">${approve_button} = [&lt;selenium.webdriver.remote.webelement.WebElement (session="d516d3e20ac3ffbbe8ffb23b0f3955ba", element="B3F8BB9AA65F43D5F4A5B7117944F1A4_element_18")&gt;, &lt;selenium.webdriver.remote.webelement.WebElement...</msg>
<status status="PASS" starttime="20240204 17:07:01.800" endtime="20240204 17:07:01.833"/>
</kw>
<kw name="Set Variable" library="BuiltIn">
<var>${approve_button}</var>
<arg>${approve_button[-1]}</arg>
<doc>Returns the given values which can then be assigned to a variables.</doc>
<msg timestamp="20240204 17:07:01.833" level="INFO">${approve_button} = &lt;selenium.webdriver.remote.webelement.WebElement (session="d516d3e20ac3ffbbe8ffb23b0f3955ba", element="B3F8BB9AA65F43D5F4A5B7117944F1A4_element_27")&gt;</msg>
<status status="PASS" starttime="20240204 17:07:01.833" endtime="20240204 17:07:01.833"/>
</kw>
<kw name="Mouse Over" library="SeleniumLibrary">
<arg>${approve_button}</arg>
<doc>Simulates hovering the mouse over the element ``locator``.</doc>
<msg timestamp="20240204 17:07:01.841" level="INFO">Simulating Mouse Over on element '&lt;selenium.webdriver.remote.webelement.WebElement (session="d516d3e20ac3ffbbe8ffb23b0f3955ba", element="B3F8BB9AA65F43D5F4A5B7117944F1A4_element_27")&gt;'.</msg>
<status status="PASS" starttime="20240204 17:07:01.841" endtime="20240204 17:07:02.136"/>
</kw>
<kw name="Click Button" library="SeleniumLibrary">
<arg>${approve_button}</arg>
<doc>Clicks the button identified by ``locator``.</doc>
<msg timestamp="20240204 17:07:02.136" level="INFO">Clicking button '&lt;selenium.webdriver.remote.webelement.WebElement (session="d516d3e20ac3ffbbe8ffb23b0f3955ba", element="B3F8BB9AA65F43D5F4A5B7117944F1A4_element_27")&gt;'.</msg>
<status status="PASS" starttime="20240204 17:07:02.136" endtime="20240204 17:07:02.248"/>
</kw>
<kw name="Close Browser" library="SeleniumLibrary" type="TEARDOWN">
<doc>Closes the current browser.</doc>
<status status="PASS" starttime="20240204 17:07:02.248" endtime="20240204 17:07:04.439"/>
</kw>
<status status="PASS" starttime="20240204 17:06:58.442" endtime="20240204 17:07:04.439"/>
</test>
<test id="s1-s1-s1-t8" name="Login with invalid Credentials" line="103">
<kw name="Login">
<arg>${invalid_username}</arg>
<arg>${invalid_password}</arg>
<kw name="Open Browser" library="SeleniumLibrary">
<arg>${URL}</arg>
<arg>${Broswer}</arg>
<doc>Opens a new browser instance to the optional ``url``.</doc>
<msg timestamp="20240204 17:07:04.439" level="INFO">Opening browser 'Chrome' to base url 'https://devopsteamb2023.github.io/DevOps_Oct2023_TeamB_Assignment/'.</msg>
<status status="PASS" starttime="20240204 17:07:04.439" endtime="20240204 17:07:06.675"/>
</kw>
<kw name="Wait Until Element Is Visible" library="SeleniumLibrary">
<arg>id=loginForm</arg>
<arg>timeout=2</arg>
<doc>Waits until the element ``locator`` is visible.</doc>
<status status="PASS" starttime="20240204 17:07:06.675" endtime="20240204 17:07:06.943"/>
</kw>
<kw name="Input Text" library="SeleniumLibrary">
<arg>${username_textbox}</arg>
<arg>${username}</arg>
<doc>Types the given ``text`` into the text field identified by ``locator``.</doc>
<msg timestamp="20240204 17:07:06.951" level="INFO">Typing text 'invaliduser' into text field 'id=login_username'.</msg>
<status status="PASS" starttime="20240204 17:07:06.951" endtime="20240204 17:07:07.136"/>
</kw>
<kw name="Input Password" library="SeleniumLibrary">
<arg>${pwd_textbox}</arg>
<arg>${password}</arg>
<doc>Types the given password into the text field identified by ``locator``.</doc>
<msg timestamp="20240204 17:07:07.136" level="INFO">Typing password into text field 'id=login_password'.</msg>
<msg timestamp="20240204 17:07:07.184" level="INFO">Temporally setting log level to: NONE</msg>
<msg timestamp="20240204 17:07:07.314" level="INFO">Log level changed from NONE to INFO.</msg>
<status status="PASS" starttime="20240204 17:07:07.136" endtime="20240204 17:07:07.314"/>
</kw>
<kw name="Click Button" library="SeleniumLibrary">
<arg>${login_button}</arg>
<doc>Clicks the button identified by ``locator``.</doc>
<msg timestamp="20240204 17:07:07.314" level="INFO">Clicking button 'id=login_button'.</msg>
<status status="PASS" starttime="20240204 17:07:07.314" endtime="20240204 17:07:07.419"/>
</kw>
<status status="PASS" starttime="20240204 17:07:04.439" endtime="20240204 17:07:07.419"/>
</kw>
<kw name="Wait Until Element Is Visible" library="SeleniumLibrary">
<arg>id=error-message</arg>
<doc>Waits until the element ``locator`` is visible.</doc>
<status status="PASS" starttime="20240204 17:07:07.419" endtime="20240204 17:07:07.476"/>
</kw>
<kw name="Get Text" library="SeleniumLibrary">
<var>${error-message}</var>
<arg>id=error-message</arg>
<doc>Returns the text value of the element identified by ``locator``.</doc>
<msg timestamp="20240204 17:07:07.501" level="INFO">${error-message} = An error occurred. Please try again later.</msg>
<status status="PASS" starttime="20240204 17:07:07.476" endtime="20240204 17:07:07.501"/>
</kw>
<kw name="Should Be Equal As Strings" library="BuiltIn">
<arg>${error-message}</arg>
<arg>An error occurred. Please try again later.</arg>
<doc>Fails if objects are unequal after converting them to strings.</doc>
<status status="PASS" starttime="20240204 17:07:07.501" endtime="20240204 17:07:07.509"/>
</kw>
<kw name="Log" library="BuiltIn">
<arg>${error-message}</arg>
<doc>Logs the given message with the given level.</doc>
<msg timestamp="20240204 17:07:07.509" level="INFO">An error occurred. Please try again later.</msg>
<status status="PASS" starttime="20240204 17:07:07.509" endtime="20240204 17:07:07.509"/>
</kw>
<kw name="Close Browser" library="SeleniumLibrary" type="TEARDOWN">
<doc>Closes the current browser.</doc>
<status status="PASS" starttime="20240204 17:07:07.509" endtime="20240204 17:07:09.630"/>
</kw>
<status status="PASS" starttime="20240204 17:07:04.439" endtime="20240204 17:07:09.630"/>
</test>
<test id="s1-s1-s1-t9" name="Cancel Deletion of User Account" line="113">
<kw name="Login">
<arg>${ValidAdminUserName}</arg>
<arg>${ValidAdminPwd}</arg>
<kw name="Open Browser" library="SeleniumLibrary">
<arg>${URL}</arg>
<arg>${Broswer}</arg>
<doc>Opens a new browser instance to the optional ``url``.</doc>
<msg timestamp="20240204 17:07:09.630" level="INFO">Opening browser 'Chrome' to base url 'https://devopsteamb2023.github.io/DevOps_Oct2023_TeamB_Assignment/'.</msg>
<status status="PASS" starttime="20240204 17:07:09.630" endtime="20240204 17:07:11.594"/>
</kw>
<kw name="Wait Until Element Is Visible" library="SeleniumLibrary">
<arg>id=loginForm</arg>
<arg>timeout=2</arg>
<doc>Waits until the element ``locator`` is visible.</doc>
<status status="PASS" starttime="20240204 17:07:11.594" endtime="20240204 17:07:11.888"/>
</kw>
<kw name="Input Text" library="SeleniumLibrary">
<arg>${username_textbox}</arg>
<arg>${username}</arg>
<doc>Types the given ``text`` into the text field identified by ``locator``.</doc>
<msg timestamp="20240204 17:07:11.888" level="INFO">Typing text 'Shaniah' into text field 'id=login_username'.</msg>
<status status="PASS" starttime="20240204 17:07:11.888" endtime="20240204 17:07:12.123"/>
</kw>
<kw name="Input Password" library="SeleniumLibrary">
<arg>${pwd_textbox}</arg>
<arg>${password}</arg>
<doc>Types the given password into the text field identified by ``locator``.</doc>
<msg timestamp="20240204 17:07:12.123" level="INFO">Typing password into text field 'id=login_password'.</msg>
<msg timestamp="20240204 17:07:12.180" level="INFO">Temporally setting log level to: NONE</msg>
<msg timestamp="20240204 17:07:12.302" level="INFO">Log level changed from NONE to INFO.</msg>
<status status="PASS" starttime="20240204 17:07:12.123" endtime="20240204 17:07:12.302"/>
</kw>
<kw name="Click Button" library="SeleniumLibrary">
<arg>${login_button}</arg>
<doc>Clicks the button identified by ``locator``.</doc>
<msg timestamp="20240204 17:07:12.302" level="INFO">Clicking button 'id=login_button'.</msg>
<status status="PASS" starttime="20240204 17:07:12.302" endtime="20240204 17:07:12.439"/>
</kw>
<status status="PASS" starttime="20240204 17:07:09.630" endtime="20240204 17:07:12.441"/>
</kw>
<kw name="Wait Until Element Is Visible" library="SeleniumLibrary">
<arg>class=table</arg>
<arg>timeout=5</arg>
<doc>Waits until the element ``locator`` is visible.</doc>
<status status="PASS" starttime="20240204 17:07:12.441" endtime="20240204 17:07:12.561"/>
</kw>
<kw name="Get WebElements" library="SeleniumLibrary">
<var>${delete_button}</var>
<arg>xpath://button[contains(text(), 'delete')]</arg>
<doc>Returns a list of WebElement objects matching the ``locator``.</doc>
<msg timestamp="20240204 17:07:12.586" level="INFO">${delete_button} = [&lt;selenium.webdriver.remote.webelement.WebElement (session="80bb11a624a1df4f7d1983b029bea527", element="8EF98FCF026AE806B9E00EB9BF91DD77_element_18")&gt;, &lt;selenium.webdriver.remote.webelement.WebElement...</msg>
<status status="PASS" starttime="20240204 17:07:12.561" endtime="20240204 17:07:12.586"/>
</kw>
<kw name="Set Variable" library="BuiltIn">
<var>${delete_button}</var>
<arg>${delete_button[-1]}</arg>
<doc>Returns the given values which can then be assigned to a variables.</doc>
<msg timestamp="20240204 17:07:12.586" level="INFO">${delete_button} = &lt;selenium.webdriver.remote.webelement.WebElement (session="80bb11a624a1df4f7d1983b029bea527", element="8EF98FCF026AE806B9E00EB9BF91DD77_element_42")&gt;</msg>
<status status="PASS" starttime="20240204 17:07:12.586" endtime="20240204 17:07:12.586"/>
</kw>
<kw name="Get Table Cell" library="SeleniumLibrary">
<var>${prev_value}</var>
<arg>class=table</arg>
<arg>-1</arg>
<arg>1</arg>
<doc>Returns contents of a table cell.</doc>
<msg timestamp="20240204 17:07:12.731" level="INFO">${prev_value} = 2026</msg>
<status status="PASS" starttime="20240204 17:07:12.594" endtime="20240204 17:07:12.731"/>
</kw>
<kw name="Log" library="BuiltIn">
<arg>${prev_value}</arg>
<doc>Logs the given message with the given level.</doc>
<msg timestamp="20240204 17:07:12.731" level="INFO">2026</msg>
<status status="PASS" starttime="20240204 17:07:12.731" endtime="20240204 17:07:12.731"/>
</kw>
<kw name="Mouse Over" library="SeleniumLibrary">
<arg>${delete_button}</arg>
<doc>Simulates hovering the mouse over the element ``locator``.</doc>
<msg timestamp="20240204 17:07:12.731" level="INFO">Simulating Mouse Over on element '&lt;selenium.webdriver.remote.webelement.WebElement (session="80bb11a624a1df4f7d1983b029bea527", element="8EF98FCF026AE806B9E00EB9BF91DD77_element_42")&gt;'.</msg>
<status status="PASS" starttime="20240204 17:07:12.731" endtime="20240204 17:07:13.011"/>
</kw>
<kw name="Click Element" library="SeleniumLibrary">
<arg>${delete_button}</arg>
<doc>Click the element identified by ``locator``.</doc>
<msg timestamp="20240204 17:07:13.011" level="INFO">Clicking element '&lt;selenium.webdriver.remote.webelement.WebElement (session="80bb11a624a1df4f7d1983b029bea527", element="8EF98FCF026AE806B9E00EB9BF91DD77_element_42")&gt;'.</msg>
<status status="PASS" starttime="20240204 17:07:13.011" endtime="20240204 17:07:13.098"/>
</kw>
<kw name="Handle Alert" library="SeleniumLibrary">
<arg>DISMISS</arg>
<doc>Handles the current alert and returns its message.</doc>
<msg timestamp="20240204 17:07:13.098" level="INFO">HANDLE::&lt;class 'NoneType'&gt;::None</msg>
<status status="PASS" starttime="20240204 17:07:13.098" endtime="20240204 17:07:13.114"/>
</kw>
<kw name="Get Table Cell" library="SeleniumLibrary">
<var>${cur_value}</var>
<arg>class=table</arg>
<arg>-1</arg>
<arg>1</arg>
<doc>Returns contents of a table cell.</doc>
<msg timestamp="20240204 17:07:13.269" level="INFO">${cur_value} = 2026</msg>
<status status="PASS" starttime="20240204 17:07:13.114" endtime="20240204 17:07:13.269"/>
</kw>
<kw name="Should Be Equal As Strings" library="BuiltIn">
<arg>${prev_value}</arg>
<arg>${cur_value}</arg>
<doc>Fails if objects are unequal after converting them to strings.</doc>
<status status="PASS" starttime="20240204 17:07:13.277" endtime="20240204 17:07:13.277"/>
</kw>
<kw name="Close Browser" library="SeleniumLibrary" type="TEARDOWN">
<doc>Closes the current browser.</doc>
<status status="PASS" starttime="20240204 17:07:13.277" endtime="20240204 17:07:15.449"/>
</kw>
<status status="PASS" starttime="20240204 17:07:09.630" endtime="20240204 17:07:15.449"/>
</test>
<status status="FAIL" starttime="20240204 17:06:25.302" endtime="20240204 17:07:15.449"/>
</suite>
<status status="FAIL" starttime="20240204 17:06:25.294" endtime="20240204 17:07:15.456"/>
</suite>
<status status="FAIL" starttime="20240204 17:06:25.228" endtime="20240204 17:07:15.466"/>
</suite>
<statistics>
<total>
<stat pass="8" fail="1" skip="0">All Tests</stat>
</total>
<tag>
</tag>
<suite>
<stat pass="8" fail="1" skip="0" id="s1" name="DevOps Oct2023 TeamB Testing">DevOps Oct2023 TeamB Testing</stat>
<stat pass="8" fail="1" skip="0" id="s1-s1" name="TestCases">DevOps Oct2023 TeamB Testing.TestCases</stat>
<stat pass="8" fail="1" skip="0" id="s1-s1-s1" name="acceptanceTest">DevOps Oct2023 TeamB Testing.TestCases.acceptanceTest</stat>
</suite>
</statistics>
<errors>
</errors>
</robot>
