<?xml version="1.0" encoding="UTF-8"?>
<robot generator="Robot 6.1.1 (Python 3.12.0 on win32)" generated="20240203 16:31:29.359" rpa="false" schemaversion="4">
<suite id="s1" name="DevOps Oct2023 TeamB Testing" source="C:\Users\Luke Pavri\DevOps\Assignment\DevOps_Oct2023_TeamB_Testing">
<suite id="s1-s1" name="TestCases" source="C:\Users\Luke Pavri\DevOps\Assignment\DevOps_Oct2023_TeamB_Testing\TestCases">
<suite id="s1-s1-s1" name="acceptanceTest" source="C:\Users\Luke Pavri\DevOps\Assignment\DevOps_Oct2023_TeamB_Testing\TestCases\acceptanceTest.robot">
<test id="s1-s1-s1-t1" name="Administrator Login with valid Credentials" line="11">
<kw name="Login">
<arg>${ValidAdminUserName}</arg>
<arg>${ValidAdminPwd}</arg>
<kw name="Open Browser" library="SeleniumLibrary">
<arg>${URL}</arg>
<arg>${Broswer}</arg>
<doc>Opens a new browser instance to the optional ``url``.</doc>
<msg timestamp="20240203 16:31:29.654" level="INFO">Opening browser 'Chrome' to base url 'https://devopsteamb2023.github.io/DevOps_Oct2023_TeamB_Development/account/signup_login.html'.</msg>
<status status="PASS" starttime="20240203 16:31:29.654" endtime="20240203 16:31:32.352"/>
</kw>
<kw name="Wait Until Element Is Visible" library="SeleniumLibrary">
<arg>id=loginForm</arg>
<arg>timeout=2</arg>
<doc>Waits until the element ``locator`` is visible.</doc>
<status status="PASS" starttime="20240203 16:31:32.352" endtime="20240203 16:31:32.425"/>
</kw>
<kw name="Input Text" library="SeleniumLibrary">
<arg>${username_textbox}</arg>
<arg>${username}</arg>
<doc>Types the given ``text`` into the text field identified by ``locator``.</doc>
<msg timestamp="20240203 16:31:32.428" level="INFO">Typing text 'Shaniah' into text field 'id=login_username'.</msg>
<status status="PASS" starttime="20240203 16:31:32.425" endtime="20240203 16:31:32.533"/>
</kw>
<kw name="Input Password" library="SeleniumLibrary">
<arg>${pwd_textbox}</arg>
<arg>${password}</arg>
<doc>Types the given password into the text field identified by ``locator``.</doc>
<msg timestamp="20240203 16:31:32.533" level="INFO">Typing password into text field 'id=login_password'.</msg>
<msg timestamp="20240203 16:31:32.562" level="INFO">Temporally setting log level to: NONE</msg>
<msg timestamp="20240203 16:31:32.621" level="INFO">Log level changed from NONE to INFO.</msg>
<status status="PASS" starttime="20240203 16:31:32.533" endtime="20240203 16:31:32.621"/>
</kw>
<kw name="Click Button" library="SeleniumLibrary">
<arg>${login_button}</arg>
<doc>Clicks the button identified by ``locator``.</doc>
<msg timestamp="20240203 16:31:32.621" level="INFO">Clicking button 'id=login_button'.</msg>
<status status="PASS" starttime="20240203 16:31:32.621" endtime="20240203 16:31:32.679"/>
</kw>
<status status="PASS" starttime="20240203 16:31:29.654" endtime="20240203 16:31:32.680"/>
</kw>
<kw name="Wait Until Page Contains" library="SeleniumLibrary">
<arg>User Details Page</arg>
<arg>timeout=2</arg>
<doc>Waits until ``text`` appears on the current page.</doc>
<status status="PASS" starttime="20240203 16:31:32.680" endtime="20240203 16:31:33.193"/>
</kw>
<kw name="Close Browser" library="SeleniumLibrary" type="TEARDOWN">
<doc>Closes the current browser.</doc>
<status status="PASS" starttime="20240203 16:31:33.193" endtime="20240203 16:31:35.318"/>
</kw>
<status status="PASS" starttime="20240203 16:31:29.654" endtime="20240203 16:31:35.318"/>
</test>
<test id="s1-s1-s1-t2" name="Sign up" line="18">
<kw name="Open Browser" library="SeleniumLibrary">
<arg>${URL}</arg>
<arg>${Broswer}</arg>
<doc>Opens a new browser instance to the optional ``url``.</doc>
<msg timestamp="20240203 16:31:35.318" level="INFO">Opening browser 'Chrome' to base url 'https://devopsteamb2023.github.io/DevOps_Oct2023_TeamB_Development/account/signup_login.html'.</msg>
<status status="PASS" starttime="20240203 16:31:35.318" endtime="20240203 16:31:36.816"/>
</kw>
<kw name="Wait Until Element Is Visible" library="SeleniumLibrary">
<arg>id=loginForm</arg>
<arg>timeout=2</arg>
<doc>Waits until the element ``locator`` is visible.</doc>
<status status="PASS" starttime="20240203 16:31:36.817" endtime="20240203 16:31:36.840"/>
</kw>
<kw name="Click Button" library="SeleniumLibrary">
<arg>id=nav-signup-tab</arg>
<doc>Clicks the button identified by ``locator``.</doc>
<msg timestamp="20240203 16:31:36.841" level="INFO">Clicking button 'id=nav-signup-tab'.</msg>
<status status="PASS" starttime="20240203 16:31:36.840" endtime="20240203 16:31:36.904"/>
</kw>
<kw name="Wait Until Element Is Visible" library="SeleniumLibrary">
<arg>id=signupForm</arg>
<arg>timeout=2</arg>
<doc>Waits until the element ``locator`` is visible.</doc>
<status status="PASS" starttime="20240203 16:31:36.905" endtime="20240203 16:31:37.145"/>
</kw>
<kw name="Input Text" library="SeleniumLibrary">
<arg>id=signup_username</arg>
<arg>${signup_username}</arg>
<doc>Types the given ``text`` into the text field identified by ``locator``.</doc>
<msg timestamp="20240203 16:31:37.145" level="INFO">Typing text 'luke' into text field 'id=signup_username'.</msg>
<status status="PASS" starttime="20240203 16:31:37.145" endtime="20240203 16:31:37.237"/>
</kw>
<kw name="Input Password" library="SeleniumLibrary">
<arg>id=signup_password</arg>
<arg>${signup_password}</arg>
<doc>Types the given password into the text field identified by ``locator``.</doc>
<msg timestamp="20240203 16:31:37.238" level="INFO">Typing password into text field 'id=signup_password'.</msg>
<msg timestamp="20240203 16:31:37.269" level="INFO">Temporally setting log level to: NONE</msg>
<msg timestamp="20240203 16:31:37.312" level="INFO">Log level changed from NONE to INFO.</msg>
<status status="PASS" starttime="20240203 16:31:37.238" endtime="20240203 16:31:37.312"/>
</kw>
<kw name="Click Button" library="SeleniumLibrary">
<arg>id=signup_button</arg>
<doc>Clicks the button identified by ``locator``.</doc>
<msg timestamp="20240203 16:31:37.318" level="INFO">Clicking button 'id=signup_button'.</msg>
<status status="PASS" starttime="20240203 16:31:37.312" endtime="20240203 16:31:37.375"/>
</kw>
<kw name="Handle Alert" library="SeleniumLibrary">
<var>${message}</var>
<doc>Handles the current alert and returns its message.</doc>
<msg timestamp="20240203 16:31:37.375" level="INFO">HANDLE::&lt;class 'NoneType'&gt;::None</msg>
<msg timestamp="20240203 16:31:37.380" level="INFO">${message} = Account request sent. Please wait for admin approval.</msg>
<status status="PASS" starttime="20240203 16:31:37.375" endtime="20240203 16:31:37.380"/>
</kw>
<kw name="Should Contain" library="BuiltIn">
<arg>${message}</arg>
<arg>Account request sent</arg>
<doc>Fails if ``container`` does not contain ``item`` one or more times.</doc>
<status status="PASS" starttime="20240203 16:31:37.380" endtime="20240203 16:31:37.380"/>
</kw>
<kw name="Close Browser" library="SeleniumLibrary" type="TEARDOWN">
<doc>Closes the current browser.</doc>
<status status="PASS" starttime="20240203 16:31:37.381" endtime="20240203 16:31:39.459"/>
</kw>
<status status="PASS" starttime="20240203 16:31:35.318" endtime="20240203 16:31:39.459"/>
</test>
<test id="s1-s1-s1-t3" name="Normal user login with valid Credentials" line="32">
<kw name="Login">
<arg>${ValidNormalUser}</arg>
<arg>${ValidNormalPwd}</arg>
<kw name="Open Browser" library="SeleniumLibrary">
<arg>${URL}</arg>
<arg>${Broswer}</arg>
<doc>Opens a new browser instance to the optional ``url``.</doc>
<msg timestamp="20240203 16:31:39.459" level="INFO">Opening browser 'Chrome' to base url 'https://devopsteamb2023.github.io/DevOps_Oct2023_TeamB_Development/account/signup_login.html'.</msg>
<status status="PASS" starttime="20240203 16:31:39.459" endtime="20240203 16:31:41.004"/>
</kw>
<kw name="Wait Until Element Is Visible" library="SeleniumLibrary">
<arg>id=loginForm</arg>
<arg>timeout=2</arg>
<doc>Waits until the element ``locator`` is visible.</doc>
<status status="PASS" starttime="20240203 16:31:41.004" endtime="20240203 16:31:41.025"/>
</kw>
<kw name="Input Text" library="SeleniumLibrary">
<arg>${username_textbox}</arg>
<arg>${username}</arg>
<doc>Types the given ``text`` into the text field identified by ``locator``.</doc>
<msg timestamp="20240203 16:31:41.025" level="INFO">Typing text 'luke' into text field 'id=login_username'.</msg>
<status status="PASS" starttime="20240203 16:31:41.025" endtime="20240203 16:31:41.138"/>
</kw>
<kw name="Input Password" library="SeleniumLibrary">
<arg>${pwd_textbox}</arg>
<arg>${password}</arg>
<doc>Types the given password into the text field identified by ``locator``.</doc>
<msg timestamp="20240203 16:31:41.138" level="INFO">Typing password into text field 'id=login_password'.</msg>
<msg timestamp="20240203 16:31:41.166" level="INFO">Temporally setting log level to: NONE</msg>
<msg timestamp="20240203 16:31:41.222" level="INFO">Log level changed from NONE to INFO.</msg>
<status status="PASS" starttime="20240203 16:31:41.138" endtime="20240203 16:31:41.222"/>
</kw>
<kw name="Click Button" library="SeleniumLibrary">
<arg>${login_button}</arg>
<doc>Clicks the button identified by ``locator``.</doc>
<msg timestamp="20240203 16:31:41.222" level="INFO">Clicking button 'id=login_button'.</msg>
<status status="PASS" starttime="20240203 16:31:41.222" endtime="20240203 16:31:41.282"/>
</kw>
<status status="PASS" starttime="20240203 16:31:39.459" endtime="20240203 16:31:41.282"/>
</kw>
<kw name="Title Should Be" library="SeleniumLibrary">
<arg>User Main Page</arg>
<doc>Verifies that the current page title equals ``title``.</doc>
<msg timestamp="20240203 16:31:41.431" level="INFO" html="true">&lt;/td&gt;&lt;/tr&gt;&lt;tr&gt;&lt;td colspan="3"&gt;&lt;a href="selenium-screenshot-27.png"&gt;&lt;img src="selenium-screenshot-27.png" width="800px"&gt;&lt;/a&gt;</msg>
<msg timestamp="20240203 16:31:41.431" level="FAIL">Title should have been 'User Main Page' but was 'User Details Page'.</msg>
<status status="FAIL" starttime="20240203 16:31:41.282" endtime="20240203 16:31:41.466"/>
</kw>
<kw name="Close Browser" library="SeleniumLibrary" type="TEARDOWN">
<doc>Closes the current browser.</doc>
<status status="PASS" starttime="20240203 16:31:41.467" endtime="20240203 16:31:43.555"/>
</kw>
<status status="FAIL" starttime="20240203 16:31:39.459" endtime="20240203 16:31:43.555">Title should have been 'User Main Page' but was 'User Details Page'.</status>
</test>
<test id="s1-s1-s1-t4" name="Delete User Account" line="38">
<kw name="Login">
<arg>${ValidAdminUserName}</arg>
<arg>${ValidAdminPwd}</arg>
<kw name="Open Browser" library="SeleniumLibrary">
<arg>${URL}</arg>
<arg>${Broswer}</arg>
<doc>Opens a new browser instance to the optional ``url``.</doc>
<msg timestamp="20240203 16:31:43.555" level="INFO">Opening browser 'Chrome' to base url 'https://devopsteamb2023.github.io/DevOps_Oct2023_TeamB_Development/account/signup_login.html'.</msg>
<status status="PASS" starttime="20240203 16:31:43.555" endtime="20240203 16:31:45.099"/>
</kw>
<kw name="Wait Until Element Is Visible" library="SeleniumLibrary">
<arg>id=loginForm</arg>
<arg>timeout=2</arg>
<doc>Waits until the element ``locator`` is visible.</doc>
<status status="PASS" starttime="20240203 16:31:45.099" endtime="20240203 16:31:45.124"/>
</kw>
<kw name="Input Text" library="SeleniumLibrary">
<arg>${username_textbox}</arg>
<arg>${username}</arg>
<doc>Types the given ``text`` into the text field identified by ``locator``.</doc>
<msg timestamp="20240203 16:31:45.124" level="INFO">Typing text 'Shaniah' into text field 'id=login_username'.</msg>
<status status="PASS" starttime="20240203 16:31:45.124" endtime="20240203 16:31:45.239"/>
</kw>
<kw name="Input Password" library="SeleniumLibrary">
<arg>${pwd_textbox}</arg>
<arg>${password}</arg>
<doc>Types the given password into the text field identified by ``locator``.</doc>
<msg timestamp="20240203 16:31:45.239" level="INFO">Typing password into text field 'id=login_password'.</msg>
<msg timestamp="20240203 16:31:45.271" level="INFO">Temporally setting log level to: NONE</msg>
<msg timestamp="20240203 16:31:45.331" level="INFO">Log level changed from NONE to INFO.</msg>
<status status="PASS" starttime="20240203 16:31:45.239" endtime="20240203 16:31:45.331"/>
</kw>
<kw name="Click Button" library="SeleniumLibrary">
<arg>${login_button}</arg>
<doc>Clicks the button identified by ``locator``.</doc>
<msg timestamp="20240203 16:31:45.333" level="INFO">Clicking button 'id=login_button'.</msg>
<status status="PASS" starttime="20240203 16:31:45.331" endtime="20240203 16:31:45.394"/>
</kw>
<status status="PASS" starttime="20240203 16:31:43.555" endtime="20240203 16:31:45.394"/>
</kw>
<kw name="Wait Until Element Is Visible" library="SeleniumLibrary">
<arg>class=table</arg>
<arg>timeout=2</arg>
<doc>Waits until the element ``locator`` is visible.</doc>
<status status="PASS" starttime="20240203 16:31:45.394" endtime="20240203 16:31:45.463"/>
</kw>
<kw name="Get WebElements" library="SeleniumLibrary">
<var>${delete_button}</var>
<arg>xpath://button[contains(text(), 'delete')]</arg>
<doc>Returns a list of WebElement objects matching the ``locator``.</doc>
<msg timestamp="20240203 16:31:45.475" level="INFO">${delete_button} = [&lt;selenium.webdriver.remote.webelement.WebElement (session="94ce2a21e9de25c7946191b9f723408e", element="DEC2752BD248AB4285682BEF459DBEF2_element_22")&gt;, &lt;selenium.webdriver.remote.webelement.WebElement...</msg>
<status status="PASS" starttime="20240203 16:31:45.463" endtime="20240203 16:31:45.475"/>
</kw>
<kw name="Set Variable" library="BuiltIn">
<var>${delete_button}</var>
<arg>${delete_button[-1]}</arg>
<doc>Returns the given values which can then be assigned to a variables.</doc>
<msg timestamp="20240203 16:31:45.475" level="INFO">${delete_button} = &lt;selenium.webdriver.remote.webelement.WebElement (session="94ce2a21e9de25c7946191b9f723408e", element="DEC2752BD248AB4285682BEF459DBEF2_element_47")&gt;</msg>
<status status="PASS" starttime="20240203 16:31:45.475" endtime="20240203 16:31:45.475"/>
</kw>
<kw name="Mouse Over" library="SeleniumLibrary">
<arg>${delete_button}</arg>
<doc>Simulates hovering the mouse over the element ``locator``.</doc>
<msg timestamp="20240203 16:31:45.475" level="INFO">Simulating Mouse Over on element '&lt;selenium.webdriver.remote.webelement.WebElement (session="94ce2a21e9de25c7946191b9f723408e", element="DEC2752BD248AB4285682BEF459DBEF2_element_47")&gt;'.</msg>
<status status="PASS" starttime="20240203 16:31:45.475" endtime="20240203 16:31:45.740"/>
</kw>
<kw name="Get Table Cell" library="SeleniumLibrary">
<var>${prev_value}</var>
<arg>class=table</arg>
<arg>-1</arg>
<arg>1</arg>
<doc>Returns contents of a table cell.</doc>
<msg timestamp="20240203 16:31:45.806" level="INFO">${prev_value} = 2044</msg>
<status status="PASS" starttime="20240203 16:31:45.740" endtime="20240203 16:31:45.806"/>
</kw>
<kw name="Click Element" library="SeleniumLibrary">
<arg>${delete_button}</arg>
<doc>Click the element identified by ``locator``.</doc>
<msg timestamp="20240203 16:31:45.806" level="INFO">Clicking element '&lt;selenium.webdriver.remote.webelement.WebElement (session="94ce2a21e9de25c7946191b9f723408e", element="DEC2752BD248AB4285682BEF459DBEF2_element_47")&gt;'.</msg>
<status status="PASS" starttime="20240203 16:31:45.806" endtime="20240203 16:31:45.844"/>
</kw>
<kw name="Handle Alert" library="SeleniumLibrary">
<var>${message}</var>
<doc>Handles the current alert and returns its message.</doc>
<msg timestamp="20240203 16:31:45.845" level="INFO">HANDLE::&lt;class 'NoneType'&gt;::None</msg>
<msg timestamp="20240203 16:31:45.849" level="INFO">${message} = Are you sure you want to delete this user?</msg>
<status status="PASS" starttime="20240203 16:31:45.845" endtime="20240203 16:31:45.849"/>
</kw>
<kw name="Should Contain" library="BuiltIn">
<arg>${message}</arg>
<arg>Are you sure you want to delete</arg>
<doc>Fails if ``container`` does not contain ``item`` one or more times.</doc>
<status status="PASS" starttime="20240203 16:31:45.850" endtime="20240203 16:31:45.850"/>
</kw>
<kw name="Get Table Cell" library="SeleniumLibrary">
<var>${cur_value}</var>
<arg>class=table</arg>
<arg>-1</arg>
<arg>1</arg>
<doc>Returns contents of a table cell.</doc>
<msg timestamp="20240203 16:31:45.905" level="INFO">${cur_value} = 2026</msg>
<status status="PASS" starttime="20240203 16:31:45.851" endtime="20240203 16:31:45.905"/>
</kw>
<kw name="Should Not Be Equal" library="BuiltIn">
<arg>${prev_value}</arg>
<arg>${cur_value}</arg>
<doc>Fails if the given objects are equal.</doc>
<status status="PASS" starttime="20240203 16:31:45.905" endtime="20240203 16:31:45.905"/>
</kw>
<kw name="Close Browser" library="SeleniumLibrary" type="TEARDOWN">
<doc>Closes the current browser.</doc>
<status status="PASS" starttime="20240203 16:31:45.906" endtime="20240203 16:31:47.995"/>
</kw>
<status status="PASS" starttime="20240203 16:31:43.555" endtime="20240203 16:31:47.995"/>
</test>
<test id="s1-s1-s1-t5" name="Modify User Account" line="56">
<kw name="Login">
<arg>${ValidAdminUserName}</arg>
<arg>${ValidAdminPwd}</arg>
<kw name="Open Browser" library="SeleniumLibrary">
<arg>${URL}</arg>
<arg>${Broswer}</arg>
<doc>Opens a new browser instance to the optional ``url``.</doc>
<msg timestamp="20240203 16:31:47.995" level="INFO">Opening browser 'Chrome' to base url 'https://devopsteamb2023.github.io/DevOps_Oct2023_TeamB_Development/account/signup_login.html'.</msg>
<status status="PASS" starttime="20240203 16:31:47.995" endtime="20240203 16:31:49.535"/>
</kw>
<kw name="Wait Until Element Is Visible" library="SeleniumLibrary">
<arg>id=loginForm</arg>
<arg>timeout=2</arg>
<doc>Waits until the element ``locator`` is visible.</doc>
<status status="PASS" starttime="20240203 16:31:49.535" endtime="20240203 16:31:49.553"/>
</kw>
<kw name="Input Text" library="SeleniumLibrary">
<arg>${username_textbox}</arg>
<arg>${username}</arg>
<doc>Types the given ``text`` into the text field identified by ``locator``.</doc>
<msg timestamp="20240203 16:31:49.559" level="INFO">Typing text 'Shaniah' into text field 'id=login_username'.</msg>
<status status="PASS" starttime="20240203 16:31:49.553" endtime="20240203 16:31:49.676"/>
</kw>
<kw name="Input Password" library="SeleniumLibrary">
<arg>${pwd_textbox}</arg>
<arg>${password}</arg>
<doc>Types the given password into the text field identified by ``locator``.</doc>
<msg timestamp="20240203 16:31:49.678" level="INFO">Typing password into text field 'id=login_password'.</msg>
<msg timestamp="20240203 16:31:49.708" level="INFO">Temporally setting log level to: NONE</msg>
<msg timestamp="20240203 16:31:49.771" level="INFO">Log level changed from NONE to INFO.</msg>
<status status="PASS" starttime="20240203 16:31:49.676" endtime="20240203 16:31:49.771"/>
</kw>
<kw name="Click Button" library="SeleniumLibrary">
<arg>${login_button}</arg>
<doc>Clicks the button identified by ``locator``.</doc>
<msg timestamp="20240203 16:31:49.771" level="INFO">Clicking button 'id=login_button'.</msg>
<status status="PASS" starttime="20240203 16:31:49.771" endtime="20240203 16:31:49.833"/>
</kw>
<status status="PASS" starttime="20240203 16:31:47.995" endtime="20240203 16:31:49.833"/>
</kw>
<kw name="Wait Until Element Is Visible" library="SeleniumLibrary">
<arg>class=table</arg>
<arg>timeout=2</arg>
<doc>Waits until the element ``locator`` is visible.</doc>
<status status="PASS" starttime="20240203 16:31:49.834" endtime="20240203 16:31:49.898"/>
</kw>
<kw name="Get WebElements" library="SeleniumLibrary">
<var>${modify_button}</var>
<arg>xpath://button[contains(text(), 'modify')]</arg>
<doc>Returns a list of WebElement objects matching the ``locator``.</doc>
<msg timestamp="20240203 16:31:49.911" level="INFO">${modify_button} = [&lt;selenium.webdriver.remote.webelement.WebElement (session="a265edc96072de0af315b125b374f2f7", element="05B93DE67A313AC14C5B5A0232FC28C8_element_22")&gt;, &lt;selenium.webdriver.remote.webelement.WebElement...</msg>
<status status="PASS" starttime="20240203 16:31:49.899" endtime="20240203 16:31:49.911"/>
</kw>
<kw name="Set Variable" library="BuiltIn">
<var>${modify_button}</var>
<arg>${modify_button[-1]}</arg>
<doc>Returns the given values which can then be assigned to a variables.</doc>
<msg timestamp="20240203 16:31:49.911" level="INFO">${modify_button} = &lt;selenium.webdriver.remote.webelement.WebElement (session="a265edc96072de0af315b125b374f2f7", element="05B93DE67A313AC14C5B5A0232FC28C8_element_46")&gt;</msg>
<status status="PASS" starttime="20240203 16:31:49.911" endtime="20240203 16:31:49.912"/>
</kw>
<kw name="Mouse Over" library="SeleniumLibrary">
<arg>${modify_button}</arg>
<doc>Simulates hovering the mouse over the element ``locator``.</doc>
<msg timestamp="20240203 16:31:49.912" level="INFO">Simulating Mouse Over on element '&lt;selenium.webdriver.remote.webelement.WebElement (session="a265edc96072de0af315b125b374f2f7", element="05B93DE67A313AC14C5B5A0232FC28C8_element_46")&gt;'.</msg>
<status status="PASS" starttime="20240203 16:31:49.912" endtime="20240203 16:31:50.184"/>
</kw>
<kw name="Get Table Cell" library="SeleniumLibrary">
<var>${prev_value}</var>
<arg>class=table</arg>
<arg>-1</arg>
<arg>1</arg>
<doc>Returns contents of a table cell.</doc>
<msg timestamp="20240203 16:31:50.247" level="INFO">${prev_value} = 2026</msg>
<status status="PASS" starttime="20240203 16:31:50.184" endtime="20240203 16:31:50.247"/>
</kw>
<kw name="Click Element" library="SeleniumLibrary">
<arg>${modify_button}</arg>
<doc>Click the element identified by ``locator``.</doc>
<msg timestamp="20240203 16:31:50.247" level="INFO">Clicking element '&lt;selenium.webdriver.remote.webelement.WebElement (session="a265edc96072de0af315b125b374f2f7", element="05B93DE67A313AC14C5B5A0232FC28C8_element_46")&gt;'.</msg>
<status status="PASS" starttime="20240203 16:31:50.247" endtime="20240203 16:31:50.284"/>
</kw>
<kw name="Page Should Contain" library="SeleniumLibrary">
<arg>Update</arg>
<doc>Verifies that current page contains ``text``.</doc>
<msg timestamp="20240203 16:31:50.575" level="INFO">Current page contains text 'Update'.</msg>
<status status="PASS" starttime="20240203 16:31:50.284" endtime="20240203 16:31:50.575"/>
</kw>
<kw name="Wait Until Element Is Visible" library="SeleniumLibrary">
<arg>id=modifyForm</arg>
<arg>timeout=2</arg>
<doc>Waits until the element ``locator`` is visible.</doc>
<status status="PASS" starttime="20240203 16:31:50.575" endtime="20240203 16:31:50.593"/>
</kw>
<kw name="Input Text" library="SeleniumLibrary">
<arg>id=modify_username</arg>
<arg>${modifiedUser}</arg>
<doc>Types the given ``text`` into the text field identified by ``locator``.</doc>
<msg timestamp="20240203 16:31:50.594" level="INFO">Typing text 'modifiedUser' into text field 'id=modify_username'.</msg>
<status status="PASS" starttime="20240203 16:31:50.594" endtime="20240203 16:31:50.686"/>
</kw>
<kw name="Click Button" library="SeleniumLibrary">
<arg>id=update_user_button</arg>
<doc>Clicks the button identified by ``locator``.</doc>
<msg timestamp="20240203 16:31:50.689" level="INFO">Clicking button 'id=update_user_button'.</msg>
<status status="PASS" starttime="20240203 16:31:50.689" endtime="20240203 16:31:50.744"/>
</kw>
<kw name="Wait Until Element Is Visible" library="SeleniumLibrary">
<arg>class=table</arg>
<arg>timeout=2</arg>
<doc>Waits until the element ``locator`` is visible.</doc>
<status status="PASS" starttime="20240203 16:31:50.744" endtime="20240203 16:31:50.789"/>
</kw>
<kw name="Get Table Cell" library="SeleniumLibrary">
<var>${cur_value}</var>
<arg>class=table</arg>
<arg>-1</arg>
<arg>1</arg>
<doc>Returns contents of a table cell.</doc>
<msg timestamp="20240203 16:31:50.838" level="INFO">${cur_value} = 2026</msg>
<status status="PASS" starttime="20240203 16:31:50.789" endtime="20240203 16:31:50.838"/>
</kw>
<kw name="Get Table Cell" library="SeleniumLibrary">
<var>${cur_name}</var>
<arg>class=table</arg>
<arg>-1</arg>
<arg>2</arg>
<doc>Returns contents of a table cell.</doc>
<msg timestamp="20240203 16:31:50.887" level="INFO">${cur_name} = modifiedUser</msg>
<status status="PASS" starttime="20240203 16:31:50.838" endtime="20240203 16:31:50.887"/>
</kw>
<kw name="Log" library="BuiltIn">
<arg>${cur_value}</arg>
<doc>Logs the given message with the given level.</doc>
<msg timestamp="20240203 16:31:50.887" level="INFO">2026</msg>
<status status="PASS" starttime="20240203 16:31:50.887" endtime="20240203 16:31:50.887"/>
</kw>
<kw name="Log" library="BuiltIn">
<arg>${cur_name}</arg>
<doc>Logs the given message with the given level.</doc>
<msg timestamp="20240203 16:31:50.887" level="INFO">modifiedUser</msg>
<status status="PASS" starttime="20240203 16:31:50.887" endtime="20240203 16:31:50.887"/>
</kw>
<kw name="Should Be Equal As Strings" library="BuiltIn">
<arg>${prev_value}</arg>
<arg>${cur_value}</arg>
<doc>Fails if objects are unequal after converting them to strings.</doc>
<status status="PASS" starttime="20240203 16:31:50.887" endtime="20240203 16:31:50.887"/>
</kw>
<kw name="Should Be Equal As Strings" library="BuiltIn">
<arg>${modifiedUser}</arg>
<arg>${cur_name}</arg>
<doc>Fails if objects are unequal after converting them to strings.</doc>
<status status="PASS" starttime="20240203 16:31:50.887" endtime="20240203 16:31:50.887"/>
</kw>
<kw name="Close Browser" library="SeleniumLibrary" type="TEARDOWN">
<doc>Closes the current browser.</doc>
<status status="PASS" starttime="20240203 16:31:50.887" endtime="20240203 16:31:52.969"/>
</kw>
<status status="PASS" starttime="20240203 16:31:47.995" endtime="20240203 16:31:52.969"/>
</test>
<test id="s1-s1-s1-t6" name="Approve User Accounts" line="84">
<kw name="Login">
<arg>${ValidAdminUserName}</arg>
<arg>${ValidAdminPwd}</arg>
<kw name="Open Browser" library="SeleniumLibrary">
<arg>${URL}</arg>
<arg>${Broswer}</arg>
<doc>Opens a new browser instance to the optional ``url``.</doc>
<msg timestamp="20240203 16:31:52.969" level="INFO">Opening browser 'Chrome' to base url 'https://devopsteamb2023.github.io/DevOps_Oct2023_TeamB_Development/account/signup_login.html'.</msg>
<status status="PASS" starttime="20240203 16:31:52.969" endtime="20240203 16:31:54.481"/>
</kw>
<kw name="Wait Until Element Is Visible" library="SeleniumLibrary">
<arg>id=loginForm</arg>
<arg>timeout=2</arg>
<doc>Waits until the element ``locator`` is visible.</doc>
<status status="PASS" starttime="20240203 16:31:54.481" endtime="20240203 16:31:54.500"/>
</kw>
<kw name="Input Text" library="SeleniumLibrary">
<arg>${username_textbox}</arg>
<arg>${username}</arg>
<doc>Types the given ``text`` into the text field identified by ``locator``.</doc>
<msg timestamp="20240203 16:31:54.500" level="INFO">Typing text 'Shaniah' into text field 'id=login_username'.</msg>
<status status="PASS" starttime="20240203 16:31:54.500" endtime="20240203 16:31:54.615"/>
</kw>
<kw name="Input Password" library="SeleniumLibrary">
<arg>${pwd_textbox}</arg>
<arg>${password}</arg>
<doc>Types the given password into the text field identified by ``locator``.</doc>
<msg timestamp="20240203 16:31:54.615" level="INFO">Typing password into text field 'id=login_password'.</msg>
<msg timestamp="20240203 16:31:54.648" level="INFO">Temporally setting log level to: NONE</msg>
<msg timestamp="20240203 16:31:54.711" level="INFO">Log level changed from NONE to INFO.</msg>
<status status="PASS" starttime="20240203 16:31:54.615" endtime="20240203 16:31:54.711"/>
</kw>
<kw name="Click Button" library="SeleniumLibrary">
<arg>${login_button}</arg>
<doc>Clicks the button identified by ``locator``.</doc>
<msg timestamp="20240203 16:31:54.711" level="INFO">Clicking button 'id=login_button'.</msg>
<status status="PASS" starttime="20240203 16:31:54.711" endtime="20240203 16:31:54.770"/>
</kw>
<status status="PASS" starttime="20240203 16:31:52.969" endtime="20240203 16:31:54.770"/>
</kw>
<kw name="Wait Until Element Is Visible" library="SeleniumLibrary">
<arg>class=table</arg>
<arg>timeout=2</arg>
<doc>Waits until the element ``locator`` is visible.</doc>
<status status="PASS" starttime="20240203 16:31:54.770" endtime="20240203 16:31:54.837"/>
</kw>
<kw name="Get WebElements" library="SeleniumLibrary">
<var>${approve_button}</var>
<arg>xpath=//button[contains(text(), 'approve')]</arg>
<doc>Returns a list of WebElement objects matching the ``locator``.</doc>
<msg timestamp="20240203 16:31:54.852" level="INFO">${approve_button} = [&lt;selenium.webdriver.remote.webelement.WebElement (session="fc91dd0149f9e3800cf71cf33e4241cb", element="60150A26E944818B62DCD2595105183A_element_17")&gt;, &lt;selenium.webdriver.remote.webelement.WebElement...</msg>
<status status="PASS" starttime="20240203 16:31:54.837" endtime="20240203 16:31:54.852"/>
</kw>
<kw name="Set Variable" library="BuiltIn">
<var>${approve_button}</var>
<arg>${approve_button[-1]}</arg>
<doc>Returns the given values which can then be assigned to a variables.</doc>
<msg timestamp="20240203 16:31:54.852" level="INFO">${approve_button} = &lt;selenium.webdriver.remote.webelement.WebElement (session="fc91dd0149f9e3800cf71cf33e4241cb", element="60150A26E944818B62DCD2595105183A_element_30")&gt;</msg>
<status status="PASS" starttime="20240203 16:31:54.852" endtime="20240203 16:31:54.852"/>
</kw>
<kw name="Mouse Over" library="SeleniumLibrary">
<arg>${approve_button}</arg>
<doc>Simulates hovering the mouse over the element ``locator``.</doc>
<msg timestamp="20240203 16:31:54.852" level="INFO">Simulating Mouse Over on element '&lt;selenium.webdriver.remote.webelement.WebElement (session="fc91dd0149f9e3800cf71cf33e4241cb", element="60150A26E944818B62DCD2595105183A_element_30")&gt;'.</msg>
<status status="PASS" starttime="20240203 16:31:54.852" endtime="20240203 16:31:55.118"/>
</kw>
<kw name="Click Button" library="SeleniumLibrary">
<arg>${approve_button}</arg>
<doc>Clicks the button identified by ``locator``.</doc>
<msg timestamp="20240203 16:31:55.118" level="INFO">Clicking button '&lt;selenium.webdriver.remote.webelement.WebElement (session="fc91dd0149f9e3800cf71cf33e4241cb", element="60150A26E944818B62DCD2595105183A_element_30")&gt;'.</msg>
<status status="PASS" starttime="20240203 16:31:55.118" endtime="20240203 16:31:55.150"/>
</kw>
<kw name="Close Browser" library="SeleniumLibrary" type="TEARDOWN">
<doc>Closes the current browser.</doc>
<status status="PASS" starttime="20240203 16:31:55.151" endtime="20240203 16:31:57.236"/>
</kw>
<status status="PASS" starttime="20240203 16:31:52.969" endtime="20240203 16:31:57.236"/>
</test>
<test id="s1-s1-s1-t7" name="Login with invalid Credentials" line="96">
<kw name="Login">
<arg>${invalid_username}</arg>
<arg>${invalid_password}</arg>
<kw name="Open Browser" library="SeleniumLibrary">
<arg>${URL}</arg>
<arg>${Broswer}</arg>
<doc>Opens a new browser instance to the optional ``url``.</doc>
<msg timestamp="20240203 16:31:57.236" level="INFO">Opening browser 'Chrome' to base url 'https://devopsteamb2023.github.io/DevOps_Oct2023_TeamB_Development/account/signup_login.html'.</msg>
<status status="PASS" starttime="20240203 16:31:57.236" endtime="20240203 16:31:58.769"/>
</kw>
<kw name="Wait Until Element Is Visible" library="SeleniumLibrary">
<arg>id=loginForm</arg>
<arg>timeout=2</arg>
<doc>Waits until the element ``locator`` is visible.</doc>
<status status="PASS" starttime="20240203 16:31:58.770" endtime="20240203 16:31:58.789"/>
</kw>
<kw name="Input Text" library="SeleniumLibrary">
<arg>${username_textbox}</arg>
<arg>${username}</arg>
<doc>Types the given ``text`` into the text field identified by ``locator``.</doc>
<msg timestamp="20240203 16:31:58.789" level="INFO">Typing text 'invaliduser' into text field 'id=login_username'.</msg>
<status status="PASS" starttime="20240203 16:31:58.789" endtime="20240203 16:31:58.920"/>
</kw>
<kw name="Input Password" library="SeleniumLibrary">
<arg>${pwd_textbox}</arg>
<arg>${password}</arg>
<doc>Types the given password into the text field identified by ``locator``.</doc>
<msg timestamp="20240203 16:31:58.920" level="INFO">Typing password into text field 'id=login_password'.</msg>
<msg timestamp="20240203 16:31:58.966" level="INFO">Temporally setting log level to: NONE</msg>
<msg timestamp="20240203 16:31:59.042" level="INFO">Log level changed from NONE to INFO.</msg>
<status status="PASS" starttime="20240203 16:31:58.920" endtime="20240203 16:31:59.042"/>
</kw>
<kw name="Click Button" library="SeleniumLibrary">
<arg>${login_button}</arg>
<doc>Clicks the button identified by ``locator``.</doc>
<msg timestamp="20240203 16:31:59.042" level="INFO">Clicking button 'id=login_button'.</msg>
<status status="PASS" starttime="20240203 16:31:59.042" endtime="20240203 16:31:59.120"/>
</kw>
<status status="PASS" starttime="20240203 16:31:57.236" endtime="20240203 16:31:59.120"/>
</kw>
<kw name="Should Contain" library="BuiltIn">
<arg>id=error-message</arg>
<arg>Invalid Credentials</arg>
<doc>Fails if ``container`` does not contain ``item`` one or more times.</doc>
<msg timestamp="20240203 16:31:59.121" level="FAIL">'id=error-message' does not contain 'Invalid Credentials'</msg>
<status status="FAIL" starttime="20240203 16:31:59.121" endtime="20240203 16:31:59.121"/>
</kw>
<kw name="Close Browser" library="SeleniumLibrary" type="TEARDOWN">
<doc>Closes the current browser.</doc>
<status status="PASS" starttime="20240203 16:31:59.121" endtime="20240203 16:32:01.218"/>
</kw>
<status status="FAIL" starttime="20240203 16:31:57.236" endtime="20240203 16:32:01.218">'id=error-message' does not contain 'Invalid Credentials'</status>
</test>
<test id="s1-s1-s1-t8" name="Cancel Deletion of User Account" line="103">
<kw name="Login">
<arg>${ValidAdminUserName}</arg>
<arg>${ValidAdminPwd}</arg>
<kw name="Open Browser" library="SeleniumLibrary">
<arg>${URL}</arg>
<arg>${Broswer}</arg>
<doc>Opens a new browser instance to the optional ``url``.</doc>
<msg timestamp="20240203 16:32:01.218" level="INFO">Opening browser 'Chrome' to base url 'https://devopsteamb2023.github.io/DevOps_Oct2023_TeamB_Development/account/signup_login.html'.</msg>
<status status="PASS" starttime="20240203 16:32:01.218" endtime="20240203 16:32:03.193"/>
</kw>
<kw name="Wait Until Element Is Visible" library="SeleniumLibrary">
<arg>id=loginForm</arg>
<arg>timeout=2</arg>
<doc>Waits until the element ``locator`` is visible.</doc>
<status status="PASS" starttime="20240203 16:32:03.193" endtime="20240203 16:32:03.204"/>
</kw>
<kw name="Input Text" library="SeleniumLibrary">
<arg>${username_textbox}</arg>
<arg>${username}</arg>
<doc>Types the given ``text`` into the text field identified by ``locator``.</doc>
<msg timestamp="20240203 16:32:03.204" level="INFO">Typing text 'Shaniah' into text field 'id=login_username'.</msg>
<status status="PASS" starttime="20240203 16:32:03.204" endtime="20240203 16:32:03.320"/>
</kw>
<kw name="Input Password" library="SeleniumLibrary">
<arg>${pwd_textbox}</arg>
<arg>${password}</arg>
<doc>Types the given password into the text field identified by ``locator``.</doc>
<msg timestamp="20240203 16:32:03.320" level="INFO">Typing password into text field 'id=login_password'.</msg>
<msg timestamp="20240203 16:32:03.351" level="INFO">Temporally setting log level to: NONE</msg>
<msg timestamp="20240203 16:32:03.411" level="INFO">Log level changed from NONE to INFO.</msg>
<status status="PASS" starttime="20240203 16:32:03.320" endtime="20240203 16:32:03.411"/>
</kw>
<kw name="Click Button" library="SeleniumLibrary">
<arg>${login_button}</arg>
<doc>Clicks the button identified by ``locator``.</doc>
<msg timestamp="20240203 16:32:03.411" level="INFO">Clicking button 'id=login_button'.</msg>
<status status="PASS" starttime="20240203 16:32:03.411" endtime="20240203 16:32:03.488"/>
</kw>
<status status="PASS" starttime="20240203 16:32:01.218" endtime="20240203 16:32:03.488"/>
</kw>
<kw name="Wait Until Element Is Visible" library="SeleniumLibrary">
<arg>class=table</arg>
<arg>timeout=2</arg>
<doc>Waits until the element ``locator`` is visible.</doc>
<status status="PASS" starttime="20240203 16:32:03.489" endtime="20240203 16:32:03.805"/>
</kw>
<kw name="Get WebElements" library="SeleniumLibrary">
<var>${delete_button}</var>
<arg>xpath://button[contains(text(), 'delete')]</arg>
<doc>Returns a list of WebElement objects matching the ``locator``.</doc>
<msg timestamp="20240203 16:32:03.829" level="INFO">${delete_button} = [&lt;selenium.webdriver.remote.webelement.WebElement (session="4894600c775322dfb500e713b3e98186", element="99AD7F9EF9F2D388F2AEBE5095159C8A_element_17")&gt;, &lt;selenium.webdriver.remote.webelement.WebElement...</msg>
<status status="PASS" starttime="20240203 16:32:03.805" endtime="20240203 16:32:03.829"/>
</kw>
<kw name="Set Variable" library="BuiltIn">
<var>${delete_button}</var>
<arg>${delete_button[-1]}</arg>
<doc>Returns the given values which can then be assigned to a variables.</doc>
<msg timestamp="20240203 16:32:03.829" level="INFO">${delete_button} = &lt;selenium.webdriver.remote.webelement.WebElement (session="4894600c775322dfb500e713b3e98186", element="99AD7F9EF9F2D388F2AEBE5095159C8A_element_41")&gt;</msg>
<status status="PASS" starttime="20240203 16:32:03.829" endtime="20240203 16:32:03.829"/>
</kw>
<kw name="Get Table Cell" library="SeleniumLibrary">
<var>${prev_value}</var>
<arg>class=table</arg>
<arg>-1</arg>
<arg>1</arg>
<doc>Returns contents of a table cell.</doc>
<msg timestamp="20240203 16:32:03.896" level="INFO">${prev_value} = 2026</msg>
<status status="PASS" starttime="20240203 16:32:03.829" endtime="20240203 16:32:03.896"/>
</kw>
<kw name="Log" library="BuiltIn">
<arg>${prev_value}</arg>
<doc>Logs the given message with the given level.</doc>
<msg timestamp="20240203 16:32:03.897" level="INFO">2026</msg>
<status status="PASS" starttime="20240203 16:32:03.897" endtime="20240203 16:32:03.897"/>
</kw>
<kw name="Mouse Over" library="SeleniumLibrary">
<arg>${delete_button}</arg>
<doc>Simulates hovering the mouse over the element ``locator``.</doc>
<msg timestamp="20240203 16:32:03.897" level="INFO">Simulating Mouse Over on element '&lt;selenium.webdriver.remote.webelement.WebElement (session="4894600c775322dfb500e713b3e98186", element="99AD7F9EF9F2D388F2AEBE5095159C8A_element_41")&gt;'.</msg>
<status status="PASS" starttime="20240203 16:32:03.897" endtime="20240203 16:32:04.166"/>
</kw>
<kw name="Click Element" library="SeleniumLibrary">
<arg>${delete_button}</arg>
<doc>Click the element identified by ``locator``.</doc>
<msg timestamp="20240203 16:32:04.166" level="INFO">Clicking element '&lt;selenium.webdriver.remote.webelement.WebElement (session="4894600c775322dfb500e713b3e98186", element="99AD7F9EF9F2D388F2AEBE5095159C8A_element_41")&gt;'.</msg>
<status status="PASS" starttime="20240203 16:32:04.166" endtime="20240203 16:32:04.197"/>
</kw>
<kw name="Handle Alert" library="SeleniumLibrary">
<arg>DISMISS</arg>
<doc>Handles the current alert and returns its message.</doc>
<msg timestamp="20240203 16:32:04.198" level="INFO">HANDLE::&lt;class 'NoneType'&gt;::None</msg>
<status status="PASS" starttime="20240203 16:32:04.197" endtime="20240203 16:32:04.202"/>
</kw>
<kw name="Get Table Cell" library="SeleniumLibrary">
<var>${cur_value}</var>
<arg>class=table</arg>
<arg>-1</arg>
<arg>1</arg>
<doc>Returns contents of a table cell.</doc>
<msg timestamp="20240203 16:32:04.255" level="INFO">${cur_value} = 2026</msg>
<status status="PASS" starttime="20240203 16:32:04.203" endtime="20240203 16:32:04.255"/>
</kw>
<kw name="Should Be Equal As Strings" library="BuiltIn">
<arg>${prev_value}</arg>
<arg>${cur_value}</arg>
<doc>Fails if objects are unequal after converting them to strings.</doc>
<status status="PASS" starttime="20240203 16:32:04.256" endtime="20240203 16:32:04.256"/>
</kw>
<kw name="Close Browser" library="SeleniumLibrary" type="TEARDOWN">
<doc>Closes the current browser.</doc>
<status status="PASS" starttime="20240203 16:32:04.256" endtime="20240203 16:32:06.341"/>
</kw>
<status status="PASS" starttime="20240203 16:32:01.218" endtime="20240203 16:32:06.341"/>
</test>
<status status="FAIL" starttime="20240203 16:31:29.388" endtime="20240203 16:32:06.341"/>
</suite>
<status status="FAIL" starttime="20240203 16:31:29.386" endtime="20240203 16:32:06.341"/>
</suite>
<status status="FAIL" starttime="20240203 16:31:29.361" endtime="20240203 16:32:06.341"/>
</suite>
<statistics>
<total>
<stat pass="6" fail="2" skip="0">All Tests</stat>
</total>
<tag>
</tag>
<suite>
<stat pass="6" fail="2" skip="0" id="s1" name="DevOps Oct2023 TeamB Testing">DevOps Oct2023 TeamB Testing</stat>
<stat pass="6" fail="2" skip="0" id="s1-s1" name="TestCases">DevOps Oct2023 TeamB Testing.TestCases</stat>
<stat pass="6" fail="2" skip="0" id="s1-s1-s1" name="acceptanceTest">DevOps Oct2023 TeamB Testing.TestCases.acceptanceTest</stat>
</suite>
</statistics>
<errors>
</errors>
</robot>
